<?xml version="1.0" encoding="UTF-8"?>
<!-- Generated by org.testng.reporters.JUnitXMLReporter -->
<testsuite hostname="Inboundsys-Mac-Dhanalakshmi.local" ignored="0" name="loginpage" tests="4" failures="1" timestamp="29 Oct 2018 12:01:09 GMT" time="25.949" errors="0">
  <testcase name="loginverifyTest" time="1.056" classname="com.hubspotcrm.Testcases.LoginPageTest"/>
  <testcase name="verifyPasswordTest" time="0.625" classname="com.hubspotcrm.Testcases.LoginPageTest"/>
  <testcase name="verifyLinksTest" time="0.402" classname="com.hubspotcrm.Testcases.LoginPageTest">
    <failure type="java.lang.AssertionError" message="expected [true] but found [false]">
      <![CDATA[java.lang.AssertionError: expected [true] but found [false]
at com.hubspotcrm.Testcases.LoginPageTest.verifyLinksTest(LoginPageTest.java:62)
at java.util.concurrent.ThreadPoolExecutor.runWorker(ThreadPoolExecutor.java:1142)
at java.util.concurrent.ThreadPoolExecutor$Worker.run(ThreadPoolExecutor.java:617)
at java.lang.Thread.run(Thread.java:745)
... Removed 14 stack frames]]>
    </failure>
  </testcase> <!-- verifyLinksTest -->
  <testcase name="verifyErrormessageTest" time="1.756" classname="com.hubspotcrm.Testcases.LoginPageTest"/>
</testsuite> <!-- loginpage -->
