<!DOCTYPE html PUBLIC "-//W3C//DTD XHTML 1.1//EN" "http://www.w3.org/TR/xhtml11/DTD/xhtml11.dtd">
<html xmlns="http://www.w3.org/1999/xhtml">
<head>
<meta http-equiv="content-type" content="text/html; charset=UTF-8"/>
<title>TestNG Report</title>
<style type="text/css">table {margin-bottom:10px;border-collapse:collapse;empty-cells:show}th,td {border:1px solid #009;padding:.25em .5em}th {vertical-align:bottom}td {vertical-align:top}table a {font-weight:bold}.stripe td {background-color: #E6EBF9}.num {text-align:right}.passedodd td {background-color: #3F3}.passedeven td {background-color: #0A0}.skippedodd td {background-color: #DDD}.skippedeven td {background-color: #CCC}.failedodd td,.attn {background-color: #F33}.failedeven td,.stripe .attn {background-color: #D00}.stacktrace {white-space:pre;font-family:monospace}.totop {font-size:85%;text-align:center;border-bottom:2px solid #000}.invisible {display:none}</style>
</head>
<body>
<table>
<tr><th>Test</th><th># Passed</th><th># Skipped</th><th># Failed</th><th>Time (ms)</th><th>Included Groups</th><th>Excluded Groups</th></tr>
<tr><th colspan="7">HubspotCrm</th></tr>
<tr><td><a href="#t0">loginpage</a></td><td class="num">3</td><td class="num">0</td><td class="num attn">1</td><td class="num">25,949</td><td></td><td></td></tr>
<tr class="stripe"><td><a href="#t1">homepage</a></td><td class="num">2</td><td class="num">0</td><td class="num attn">3</td><td class="num">75,140</td><td></td><td></td></tr>
<tr><th>Total</th><th class="num">5</th><th class="num">0</th><th class="num attn">4</th><th class="num">101,089</th><th colspan="2"></th></tr>
</table>
<table id='summary'><thead><tr><th>Class</th><th>Method</th><th>Start</th><th>Time (ms)</th></tr></thead><tbody><tr><th colspan="4">HubspotCrm</th></tr></tbody><tbody id="t0"><tr><th colspan="4">loginpage &#8212; failed</th></tr><tr class="failedeven"><td rowspan="1">com.hubspotcrm.Testcases.LoginPageTest</td><td><a href="#m0">verifyLinksTest</a></td><td rowspan="1">1540814457380</td><td rowspan="1">402</td></tr><tr><th colspan="4">loginpage &#8212; passed</th></tr><tr class="passedeven"><td rowspan="3">com.hubspotcrm.Testcases.LoginPageTest</td><td><a href="#m1">loginverifyTest</a></td><td rowspan="1">1540814446900</td><td rowspan="1">1056</td></tr><tr class="passedeven"><td><a href="#m2">verifyErrormessageTest</a></td><td rowspan="1">1540814462800</td><td rowspan="1">1756</td></tr><tr class="passedeven"><td><a href="#m3">verifyPasswordTest</a></td><td rowspan="1">1540814451874</td><td rowspan="1">625</td></tr></tbody>
<tbody id="t1"><tr><th colspan="4">homepage &#8212; failed</th></tr><tr class="failedeven"><td rowspan="3">com.hubspotcrm.Testcases.HomePageTest</td><td><a href="#m4">verifyactivityurlTest</a></td><td rowspan="1">1540814537014</td><td rowspan="1">7726</td></tr><tr class="failedeven"><td><a href="#m5">verifycontacturlTest</a></td><td rowspan="1">1540814503930</td><td rowspan="1">8134</td></tr><tr class="failedeven"><td><a href="#m6">verifylogourlTest</a></td><td rowspan="1">1540814487802</td><td rowspan="1">10838</td></tr><tr><th colspan="4">homepage &#8212; passed</th></tr><tr class="passedeven"><td rowspan="2">com.hubspotcrm.Testcases.HomePageTest</td><td><a href="#m7">verifycompaniesurlTest</a></td><td rowspan="1">1540814518878</td><td rowspan="1">12038</td></tr><tr class="passedeven"><td><a href="#m8">verifyloggedusername</a></td><td rowspan="1">1540814475834</td><td rowspan="1">6847</td></tr></tbody>
</table>
<h2>loginpage</h2><h3 id="m0">com.hubspotcrm.Testcases.LoginPageTest#verifyLinksTest</h3><table class="result"><tr><th>Exception</th></tr><tr><td><div class="stacktrace">java.lang.AssertionError: expected [true] but found [false]
	at com.hubspotcrm.Testcases.LoginPageTest.verifyLinksTest(LoginPageTest.java:62)
	at java.util.concurrent.ThreadPoolExecutor.runWorker(ThreadPoolExecutor.java:1142)
	at java.util.concurrent.ThreadPoolExecutor$Worker.run(ThreadPoolExecutor.java:617)
	at java.lang.Thread.run(Thread.java:745)
... Removed 14 stack frames</div></td></tr></table><p class="totop"><a href="#summary">back to summary</a></p>
<h3 id="m1">com.hubspotcrm.Testcases.LoginPageTest#loginverifyTest</h3><table class="result"><tr><th class="invisible"/></tr></table><p class="totop"><a href="#summary">back to summary</a></p>
<h3 id="m2">com.hubspotcrm.Testcases.LoginPageTest#verifyErrormessageTest</h3><table class="result"><tr><th class="invisible"/></tr></table><p class="totop"><a href="#summary">back to summary</a></p>
<h3 id="m3">com.hubspotcrm.Testcases.LoginPageTest#verifyPasswordTest</h3><table class="result"><tr><th class="invisible"/></tr></table><p class="totop"><a href="#summary">back to summary</a></p>
<h2>homepage</h2><h3 id="m4">com.hubspotcrm.Testcases.HomePageTest#verifyactivityurlTest</h3><table class="result"><tr><th>Exception</th></tr><tr><td><div class="stacktrace">java.lang.AssertionError: expected [https://app.hubspot.com/activity-feed/5068902/view] but found [https://app.hubspot.com/activity-feed/5068902]
	at com.hubspotcrm.Testcases.HomePageTest.verifyactivityurlTest(HomePageTest.java:59)
	at java.util.concurrent.ThreadPoolExecutor.runWorker(ThreadPoolExecutor.java:1142)
	at java.util.concurrent.ThreadPoolExecutor$Worker.run(ThreadPoolExecutor.java:617)
	at java.lang.Thread.run(Thread.java:745)
... Removed 16 stack frames</div></td></tr></table><p class="totop"><a href="#summary">back to summary</a></p>
<h3 id="m5">com.hubspotcrm.Testcases.HomePageTest#verifycontacturlTest</h3><table class="result"><tr><th>Exception</th></tr><tr><td><div class="stacktrace">java.lang.AssertionError: expected [https://app.hubspot.com/contacts/5068902/contacts/list/view/all/?] but found [https://app.hubspot.com/contacts/5068902/contacts]
	at com.hubspotcrm.Testcases.HomePageTest.verifycontacturlTest(HomePageTest.java:49)
	at java.util.concurrent.ThreadPoolExecutor.runWorker(ThreadPoolExecutor.java:1142)
	at java.util.concurrent.ThreadPoolExecutor$Worker.run(ThreadPoolExecutor.java:617)
	at java.lang.Thread.run(Thread.java:745)
... Removed 16 stack frames</div></td></tr></table><p class="totop"><a href="#summary">back to summary</a></p>
<h3 id="m6">com.hubspotcrm.Testcases.HomePageTest#verifylogourlTest</h3><table class="result"><tr><th>Exception</th></tr><tr><td><div class="stacktrace">java.lang.AssertionError: expected [https://app.hubspot.com/reports-dashboard/5068902/sales] but found [https://app.hubspot.com/reports-dashboard/5068902/view]
	at com.hubspotcrm.Testcases.HomePageTest.verifylogourlTest(HomePageTest.java:44)
	at java.util.concurrent.ThreadPoolExecutor.runWorker(ThreadPoolExecutor.java:1142)
	at java.util.concurrent.ThreadPoolExecutor$Worker.run(ThreadPoolExecutor.java:617)
	at java.lang.Thread.run(Thread.java:745)
... Removed 16 stack frames</div></td></tr></table><p class="totop"><a href="#summary">back to summary</a></p>
<h3 id="m7">com.hubspotcrm.Testcases.HomePageTest#verifycompaniesurlTest</h3><table class="result"><tr><th class="invisible"/></tr></table><p class="totop"><a href="#summary">back to summary</a></p>
<h3 id="m8">com.hubspotcrm.Testcases.HomePageTest#verifyloggedusername</h3><table class="result"><tr><th class="invisible"/></tr></table><p class="totop"><a href="#summary">back to summary</a></p>
</body>
</html>
